<?xml version="1.0" encoding="UTF-8"?>
<testng-results ignored="0" total="1" passed="1" failed="0" skipped="0">
  <reporter-output>
  </reporter-output>
  <suite started-at="2026-05-23T12:14:36 IST" name="Suite" finished-at="2026-05-23T12:14:49 IST" duration-ms="12857">
    <groups>
    </groups>
    <test started-at="2026-05-23T12:14:36 IST" name="Test" finished-at="2026-05-23T12:14:49 IST" duration-ms="12857">
      <class name="testingbabatest.TestDemo">
        <test-method signature="launchURL()[pri:0, instance:testingbabatest.TestDemo@4fb61f4a]" started-at="2026-05-23T12:14:36 IST" name="launchURL" finished-at="2026-05-23T12:14:49 IST" duration-ms="12780" status="PASS">
          <reporter-output>
          </reporter-output>
        </test-method> <!-- launchURL -->
      </class> <!-- testingbabatest.TestDemo -->
    </test> <!-- Test -->
  </suite> <!-- Suite -->
</testng-results>
