<?xml version="1.0" encoding="UTF-8"?>
<testng-results ignored="0" total="1" passed="1" failed="0" skipped="0">
  <reporter-output>
  </reporter-output>
  <suite started-at="2026-05-23T12:21:08 IST" name="Default suite" finished-at="2026-05-23T12:21:19 IST" duration-ms="11451">
    <groups>
    </groups>
    <test started-at="2026-05-23T12:21:08 IST" name="Default test" finished-at="2026-05-23T12:21:19 IST" duration-ms="11451">
      <class name="testingbabatest.TestDemo">
        <test-method signature="launchURL()[pri:0, instance:testingbabatest.TestDemo@22ff4249]" started-at="2026-05-23T12:21:08 IST" name="launchURL" finished-at="2026-05-23T12:21:19 IST" duration-ms="11278" status="PASS">
          <reporter-output>
          </reporter-output>
        </test-method> <!-- launchURL -->
      </class> <!-- testingbabatest.TestDemo -->
    </test> <!-- Default test -->
  </suite> <!-- Default suite -->
</testng-results>
